<?xml version="1.0" encoding="UTF-8"?>
<robot generator="Robot 6.1.1 (Python 3.11.3 on win32)" generated="20230928 14:49:43.235" rpa="false" schemaversion="4">
<suite id="s1" name="EditerNomDuFiltreNominal" source="g:\Bois_de_Boulogne\Season4\Project Synthese\Automation_Test_DataPool_RF\RFCasTests\Scripts\EditerNomDuFiltreNominal.robot">
<kw name="Open browser login and preconditions pour editer un nom du filtre nominal" library="keywords" type="SETUP">
<kw name="Login" library="keywords">
<arg>${vURL}</arg>
<arg>${vBrowser}</arg>
<arg>${vUsername}</arg>
<arg>${vPassword}</arg>
<kw name="Set Selenium Timeout" library="SeleniumLibrary">
<arg>${TIMEOUT}</arg>
<doc>Sets the timeout that is used by various keywords.</doc>
<status status="PASS" starttime="20230928 14:49:43.505" endtime="20230928 14:49:43.506"/>
</kw>
<kw name="Open Browser" library="SeleniumLibrary">
<arg>${vURL}</arg>
<arg>${vBrowser}</arg>
<arg>options=add_argument('--lang=fr')</arg>
<doc>Opens a new browser instance to the optional ``url``.</doc>
<msg timestamp="20230928 14:49:43.506" level="INFO">Opening browser 'chrome' to base url 'http://localhost:8088/share/page'.</msg>
<status status="PASS" starttime="20230928 14:49:43.506" endtime="20230928 14:49:45.674"/>
</kw>
<kw name="Maximize Browser Window" library="SeleniumLibrary">
<doc>Maximizes current browser window.</doc>
<status status="PASS" starttime="20230928 14:49:45.674" endtime="20230928 14:49:45.802"/>
</kw>
<kw name="Input Text" library="SeleniumLibrary">
<arg>${txt_UserName}</arg>
<arg>${vUsername}</arg>
<doc>Types the given ``text`` into the text field identified by ``locator``.</doc>
<msg timestamp="20230928 14:49:45.803" level="INFO">Typing text 'admin' into text field 'name=username'.</msg>
<status status="PASS" starttime="20230928 14:49:45.803" endtime="20230928 14:49:45.893"/>
</kw>
<kw name="Input Text" library="SeleniumLibrary">
<arg>${txt_Password}</arg>
<arg>${vPassword}</arg>
<doc>Types the given ``text`` into the text field identified by ``locator``.</doc>
<msg timestamp="20230928 14:49:45.894" level="INFO">Typing text '12345678' into text field 'name=password'.</msg>
<status status="PASS" starttime="20230928 14:49:45.893" endtime="20230928 14:49:45.976"/>
</kw>
<kw name="Click Button" library="SeleniumLibrary">
<arg>${btn_Login}</arg>
<doc>Clicks the button identified by ``locator``.</doc>
<msg timestamp="20230928 14:49:45.977" level="INFO">Clicking button 'xpath=//button[contains(text(), 'Connexion')]'.</msg>
<status status="PASS" starttime="20230928 14:49:45.976" endtime="20230928 14:49:46.876"/>
</kw>
<kw name="Wait Until Element Is Visible" library="SeleniumLibrary">
<arg>${lblTitle}</arg>
<doc>Waits until the element ``locator`` is visible.</doc>
<status status="PASS" starttime="20230928 14:49:46.877" endtime="20230928 14:49:46.909"/>
</kw>
<kw name="Element Should Contain" library="SeleniumLibrary">
<arg>${lblTitle}</arg>
<arg>Tableau de bord de</arg>
<doc>Verifies that element ``locator`` contains text ``expected``.</doc>
<msg timestamp="20230928 14:49:46.933" level="INFO">Element 'xpath=//h1[@id='HEADER_TITLE']/span' contains text 'Tableau de bord de'.</msg>
<status status="PASS" starttime="20230928 14:49:46.910" endtime="20230928 14:49:46.933"/>
</kw>
<status status="PASS" starttime="20230928 14:49:43.505" endtime="20230928 14:49:46.933"/>
</kw>
<kw name="Sleep" library="BuiltIn">
<arg>3</arg>
<doc>Pauses the test executed for the given time.</doc>
<msg timestamp="20230928 14:49:49.934" level="INFO">Slept 3 seconds</msg>
<status status="PASS" starttime="20230928 14:49:46.934" endtime="20230928 14:49:49.934"/>
</kw>
<kw name="Affichage la page Outil Admin" library="keywords">
<kw name="Wait Until Element Is Visible" library="SeleniumLibrary">
<arg>${link_headerOutilsAdmin}</arg>
<doc>Waits until the element ``locator`` is visible.</doc>
<status status="PASS" starttime="20230928 14:49:49.936" endtime="20230928 14:49:49.957"/>
</kw>
<kw name="Click Element" library="SeleniumLibrary">
<arg>${link_headerOutilsAdmin}</arg>
<doc>Click the element identified by ``locator``.</doc>
<msg timestamp="20230928 14:49:49.958" level="INFO">Clicking element 'xpath=//div[@id='HEADER_ADMIN_CONSOLE']/span/a'.</msg>
<status status="PASS" starttime="20230928 14:49:49.957" endtime="20230928 14:49:52.852"/>
</kw>
<kw name="Wait Until Element Is Visible" library="SeleniumLibrary">
<arg>${link_GestionnaireCategorie}</arg>
<doc>Waits until the element ``locator`` is visible.</doc>
<status status="PASS" starttime="20230928 14:49:52.852" endtime="20230928 14:49:52.875"/>
</kw>
<status status="PASS" starttime="20230928 14:49:49.936" endtime="20230928 14:49:52.875"/>
</kw>
<kw name="Affichage la page de Gestionnaire de recherche" library="keywords">
<kw name="Affichage l'option de menu dans la page Outil Admin" library="keywords">
<arg>Gestionnaire de recherche</arg>
<kw name="Click Element" library="SeleniumLibrary">
<arg>${admin_Page_Element_P1}${option}${admin_Page_Element_P2}</arg>
<doc>Click the element identified by ``locator``.</doc>
<msg timestamp="20230928 14:49:52.876" level="INFO">Clicking element 'xpath://a[contains(text(),'Gestionnaire de recherche')]'.</msg>
<status status="PASS" starttime="20230928 14:49:52.876" endtime="20230928 14:49:53.169"/>
</kw>
<kw name="Sleep" library="BuiltIn">
<arg>3</arg>
<doc>Pauses the test executed for the given time.</doc>
<msg timestamp="20230928 14:49:56.170" level="INFO">Slept 3 seconds</msg>
<status status="PASS" starttime="20230928 14:49:53.170" endtime="20230928 14:49:56.170"/>
</kw>
<status status="PASS" starttime="20230928 14:49:52.876" endtime="20230928 14:49:56.171"/>
</kw>
<kw name="Sleep" library="BuiltIn">
<arg>3</arg>
<doc>Pauses the test executed for the given time.</doc>
<msg timestamp="20230928 14:49:59.173" level="INFO">Slept 3 seconds</msg>
<status status="PASS" starttime="20230928 14:49:56.171" endtime="20230928 14:49:59.173"/>
</kw>
<kw name="Wait Until Element Is Visible" library="SeleniumLibrary">
<arg>${link_Ici}</arg>
<doc>Waits until the element ``locator`` is visible.</doc>
<status status="PASS" starttime="20230928 14:49:59.173" endtime="20230928 14:49:59.191"/>
</kw>
<kw name="Click Element" library="SeleniumLibrary">
<arg>${link_Ici}</arg>
<doc>Click the element identified by ``locator``.</doc>
<msg timestamp="20230928 14:49:59.192" level="INFO">Clicking element 'xpath://a[@href='/share/page/dp/ws/faceted-search-config']'.</msg>
<status status="PASS" starttime="20230928 14:49:59.192" endtime="20230928 14:49:59.269"/>
</kw>
<kw name="Sleep" library="BuiltIn">
<arg>4</arg>
<doc>Pauses the test executed for the given time.</doc>
<msg timestamp="20230928 14:50:03.270" level="INFO">Slept 4 seconds</msg>
<status status="PASS" starttime="20230928 14:49:59.269" endtime="20230928 14:50:03.270"/>
</kw>
<status status="PASS" starttime="20230928 14:49:52.875" endtime="20230928 14:50:03.271"/>
</kw>
<status status="PASS" starttime="20230928 14:49:43.504" endtime="20230928 14:50:03.271"/>
</kw>
<test id="s1-t1" name="Cas1" line="23">
<kw name="Editer le nom un filtre nominal">
<arg>ID1</arg>
<arg>Giang_Test_ID1</arg>
<arg>Giang_Test_Editer_1</arg>
<kw name="Switch Window" library="SeleniumLibrary">
<arg>url= http://localhost:8088/share/page/dp/ws/faceted-search-config</arg>
<doc>Switches to browser window matching ``locator``.</doc>
<status status="PASS" starttime="20230928 14:50:03.280" endtime="20230928 14:50:03.417"/>
</kw>
<kw name="Creer Un nouveau filtre avec propriete Site">
<arg>${vID_du_filtre}</arg>
<arg>${vNom_du_filtre}</arg>
<kw name="Switch Window" library="SeleniumLibrary">
<arg>url= http://localhost:8088/share/page/dp/ws/faceted-search-config</arg>
<doc>Switches to browser window matching ``locator``.</doc>
<status status="PASS" starttime="20230928 14:50:03.418" endtime="20230928 14:50:03.471"/>
</kw>
<kw name="Sleep" library="BuiltIn">
<arg>3</arg>
<doc>Pauses the test executed for the given time.</doc>
<msg timestamp="20230928 14:50:06.471" level="INFO">Slept 3 seconds</msg>
<status status="PASS" starttime="20230928 14:50:03.471" endtime="20230928 14:50:06.472"/>
</kw>
<kw name="Wait Until Element Is Visible" library="SeleniumLibrary">
<arg>${btn_CreerNouveauFiltre}</arg>
<doc>Waits until the element ``locator`` is visible.</doc>
<status status="PASS" starttime="20230928 14:50:06.472" endtime="20230928 14:50:06.496"/>
</kw>
<kw name="Click Element" library="SeleniumLibrary">
<arg>${btn_CreerNouveauFiltre}</arg>
<doc>Click the element identified by ``locator``.</doc>
<msg timestamp="20230928 14:50:06.496" level="INFO">Clicking element 'xpath://span[text()='Créer un nouveau filtre']'.</msg>
<status status="PASS" starttime="20230928 14:50:06.496" endtime="20230928 14:50:06.647"/>
</kw>
<kw name="Wait Until Element Is Visible" library="SeleniumLibrary">
<arg>${ ID_du_filtre}</arg>
<doc>Waits until the element ``locator`` is visible.</doc>
<status status="PASS" starttime="20230928 14:50:06.647" endtime="20230928 14:50:06.694"/>
</kw>
<kw name="Input Text" library="SeleniumLibrary">
<arg>${ID_du_filtre}</arg>
<arg>${vID_du_filtre}</arg>
<doc>Types the given ``text`` into the text field identified by ``locator``.</doc>
<msg timestamp="20230928 14:50:06.695" level="INFO">Typing text 'ID1' into text field 'xpath://input[@name='filterID']'.</msg>
<status status="PASS" starttime="20230928 14:50:06.695" endtime="20230928 14:50:06.767"/>
</kw>
<kw name="Wait Until Element Is Visible" library="SeleniumLibrary">
<arg>${Nom_du_filtre}</arg>
<doc>Waits until the element ``locator`` is visible.</doc>
<status status="PASS" starttime="20230928 14:50:06.767" endtime="20230928 14:50:06.782"/>
</kw>
<kw name="Input Text" library="SeleniumLibrary">
<arg>${Nom_du_filtre}</arg>
<arg>${vNom_du_filtre}</arg>
<doc>Types the given ``text`` into the text field identified by ``locator``.</doc>
<msg timestamp="20230928 14:50:06.783" level="INFO">Typing text 'Giang_Test_ID1' into text field 'xpath://input[@name='displayName']'.</msg>
<status status="PASS" starttime="20230928 14:50:06.782" endtime="20230928 14:50:06.858"/>
</kw>
<kw name="Get WebElement" library="SeleniumLibrary">
<var>${btnEnregistrer}</var>
<arg>${Le_bouton_enregistrer}</arg>
<doc>Returns the first WebElement matching the given ``locator``.</doc>
<msg timestamp="20230928 14:50:06.871" level="INFO">${btnEnregistrer} = &lt;selenium.webdriver.remote.webelement.WebElement (session="e00c0eebad1d836b5c24918e07c01d31", element="63F3DE57F6FACA8538501F7A988E816A_element_57")&gt;</msg>
<status status="PASS" starttime="20230928 14:50:06.858" endtime="20230928 14:50:06.871"/>
</kw>
<kw name="Mouse Down" library="SeleniumLibrary">
<arg>${btnEnregistrer}</arg>
<doc>Simulates pressing the left mouse button on the element ``locator``.</doc>
<msg timestamp="20230928 14:50:06.871" level="INFO">Simulating Mouse Down on element '&lt;selenium.webdriver.remote.webelement.WebElement (session="e00c0eebad1d836b5c24918e07c01d31", element="63F3DE57F6FACA8538501F7A988E816A_element_57")&gt;'.</msg>
<status status="PASS" starttime="20230928 14:50:06.871" endtime="20230928 14:50:07.156"/>
</kw>
<kw name="Click Element" library="SeleniumLibrary">
<arg>${btnEnregistrer}</arg>
<doc>Click the element identified by ``locator``.</doc>
<msg timestamp="20230928 14:50:07.156" level="INFO">Clicking element '&lt;selenium.webdriver.remote.webelement.WebElement (session="e00c0eebad1d836b5c24918e07c01d31", element="63F3DE57F6FACA8538501F7A988E816A_element_57")&gt;'.</msg>
<status status="PASS" starttime="20230928 14:50:07.156" endtime="20230928 14:50:07.227"/>
</kw>
<kw name="Sleep" library="BuiltIn">
<arg>3</arg>
<doc>Pauses the test executed for the given time.</doc>
<msg timestamp="20230928 14:50:10.228" level="INFO">Slept 3 seconds</msg>
<status status="PASS" starttime="20230928 14:50:07.228" endtime="20230928 14:50:10.228"/>
</kw>
<status status="PASS" starttime="20230928 14:50:03.418" endtime="20230928 14:50:10.229"/>
</kw>
<kw name="Verifier l'ID du filtre">
<arg>${vID_du_filtre}</arg>
<kw name="Wait Until Element Is Visible" library="SeleniumLibrary">
<arg>${id_du_Filtre_P1}${vID_du_filtre}${id_du_Filtre_P2}</arg>
<arg>timeout=10</arg>
<doc>Waits until the element ``locator`` is visible.</doc>
<status status="PASS" starttime="20230928 14:50:10.230" endtime="20230928 14:50:10.258"/>
</kw>
<kw name="Element Should Be Visible" library="SeleniumLibrary">
<arg>${id_du_Filtre_P1}${vID_du_filtre}${id_du_Filtre_P2}</arg>
<doc>Verifies that the element identified by ``locator`` is visible.</doc>
<msg timestamp="20230928 14:50:10.275" level="INFO">Element 'xpath://span/child::span[text()='ID1']' is displayed.</msg>
<status status="PASS" starttime="20230928 14:50:10.258" endtime="20230928 14:50:10.275"/>
</kw>
<status status="PASS" starttime="20230928 14:50:10.229" endtime="20230928 14:50:10.275"/>
</kw>
<kw name="Mouse Down On Image" library="SeleniumLibrary">
<arg>${bouton_ModifierNomFiltre1}${vNom_du_filtre}${bouton_ModifierNomFiltre2}</arg>
<doc>Simulates a mouse down event on an image identified by ``locator``.</doc>
<status status="PASS" starttime="20230928 14:50:10.275" endtime="20230928 14:50:10.583"/>
</kw>
<kw name="Wait Until Element Is Visible" library="SeleniumLibrary">
<arg>${bouton_ModifierNomFiltre1}${vNom_du_filtre}${bouton_ModifierNomFiltre2}</arg>
<doc>Waits until the element ``locator`` is visible.</doc>
<status status="PASS" starttime="20230928 14:50:10.584" endtime="20230928 14:50:10.599"/>
</kw>
<kw name="Click Image" library="SeleniumLibrary">
<arg>${bouton_ModifierNomFiltre1}${vNom_du_filtre}${bouton_ModifierNomFiltre2}</arg>
<doc>Clicks an image identified by ``locator``.</doc>
<msg timestamp="20230928 14:50:10.600" level="INFO">Clicking image 'xpath://img[@title="Cliquez pour modifier ''Giang_Test_ID1''"]'.</msg>
<status status="PASS" starttime="20230928 14:50:10.599" endtime="20230928 14:50:10.738"/>
</kw>
<kw name="Input Text" library="SeleniumLibrary">
<arg>${input_ModifierNomFiltre}</arg>
<arg>${vNom_du_filtre_modifier}</arg>
<doc>Types the given ``text`` into the text field identified by ``locator``.</doc>
<msg timestamp="20230928 14:50:10.739" level="INFO">Typing text 'Giang_Test_Editer_1' into text field 'xpath://input[@name='displayName']'.</msg>
<status status="PASS" starttime="20230928 14:50:10.739" endtime="20230928 14:50:10.856"/>
</kw>
<kw name="Sleep" library="BuiltIn">
<arg>5</arg>
<doc>Pauses the test executed for the given time.</doc>
<msg timestamp="20230928 14:50:15.858" level="INFO">Slept 5 seconds</msg>
<status status="PASS" starttime="20230928 14:50:10.857" endtime="20230928 14:50:15.858"/>
</kw>
<kw name="Mouse Down" library="SeleniumLibrary">
<arg>${btn_Modifier_Nom_Filtre}</arg>
<doc>Simulates pressing the left mouse button on the element ``locator``.</doc>
<msg timestamp="20230928 14:50:15.858" level="INFO">Simulating Mouse Down on element 'xpath://span[text()='Enregistrer']'.</msg>
<status status="PASS" starttime="20230928 14:50:15.858" endtime="20230928 14:50:16.150"/>
</kw>
<kw name="Click Element" library="SeleniumLibrary">
<arg>${btn_Modifier_Nom_Filtre}</arg>
<doc>Click the element identified by ``locator``.</doc>
<msg timestamp="20230928 14:50:16.152" level="INFO">Clicking element 'xpath://span[text()='Enregistrer']'.</msg>
<status status="PASS" starttime="20230928 14:50:16.152" endtime="20230928 14:50:16.204"/>
</kw>
<kw name="Sleep" library="BuiltIn">
<arg>5</arg>
<doc>Pauses the test executed for the given time.</doc>
<msg timestamp="20230928 14:50:21.206" level="INFO">Slept 5 seconds</msg>
<status status="PASS" starttime="20230928 14:50:16.205" endtime="20230928 14:50:21.206"/>
</kw>
<kw name="Verifier le nom du filtre">
<arg>${vNom_du_filtre_modifier}</arg>
<kw name="Wait Until Element Is Visible" library="SeleniumLibrary">
<arg>${nom_Du_Filtre_P1}${vNom_du_filtre}${nom_Du_Filtre_P2}</arg>
<arg>timeout=10</arg>
<doc>Waits until the element ``locator`` is visible.</doc>
<status status="PASS" starttime="20230928 14:50:21.206" endtime="20230928 14:50:21.226"/>
</kw>
<kw name="Element Should Be Visible" library="SeleniumLibrary">
<arg>${nom_Du_Filtre_P1}${vNom_du_filtre}${nom_Du_Filtre_P2}</arg>
<doc>Verifies that the element identified by ``locator`` is visible.</doc>
<msg timestamp="20230928 14:50:21.240" level="INFO">Element '//span[@class='label']/following-sibling::span[text()='Giang_Test_Editer_1']' is displayed.</msg>
<status status="PASS" starttime="20230928 14:50:21.227" endtime="20230928 14:50:21.242"/>
</kw>
<status status="PASS" starttime="20230928 14:50:21.206" endtime="20230928 14:50:21.242"/>
</kw>
<kw name="Supprimer un filtre">
<arg>${vID_du_filtre}</arg>
<kw name="Switch Window" library="SeleniumLibrary">
<arg>url= http://localhost:8088/share/page/dp/ws/faceted-search-config</arg>
<doc>Switches to browser window matching ``locator``.</doc>
<status status="PASS" starttime="20230928 14:50:21.242" endtime="20230928 14:50:21.328"/>
</kw>
<kw name="Wait Until Element Is Visible" library="SeleniumLibrary">
<arg>${bouton_supprimerFiltre1}${vID_du_filtre}${bouton_supprimerFiltre2}</arg>
<doc>Waits until the element ``locator`` is visible.</doc>
<status status="PASS" starttime="20230928 14:50:21.329" endtime="20230928 14:50:21.347"/>
</kw>
<kw name="Scroll Element Into View" library="SeleniumLibrary">
<arg>${bouton_supprimerFiltre1}${vID_du_filtre}${bouton_supprimerFiltre2}</arg>
<doc>Scrolls the element identified by ``locator`` into view.</doc>
<status status="PASS" starttime="20230928 14:50:21.347" endtime="20230928 14:50:21.636"/>
</kw>
<kw name="Click Element" library="SeleniumLibrary">
<arg>${bouton_supprimerFiltre1}${vID_du_filtre}${bouton_supprimerFiltre2}</arg>
<doc>Click the element identified by ``locator``.</doc>
<msg timestamp="20230928 14:50:21.637" level="INFO">Clicking element 'xpath://img[@title="Cliquez pour supprimer ''ID1''"]'.</msg>
<status status="PASS" starttime="20230928 14:50:21.636" endtime="20230928 14:50:21.687"/>
</kw>
<kw name="Wait Until Element Is Visible" library="SeleniumLibrary">
<arg>${bouton_confirmerSupressionFiltre}</arg>
<doc>Waits until the element ``locator`` is visible.</doc>
<status status="PASS" starttime="20230928 14:50:21.687" endtime="20230928 14:50:21.746"/>
</kw>
<kw name="Click Element" library="SeleniumLibrary">
<arg>${bouton_confirmerSupressionFiltre}</arg>
<doc>Click the element identified by ``locator``.</doc>
<msg timestamp="20230928 14:50:21.747" level="INFO">Clicking element 'id:ALF_CRUD_SERVICE_DELETE_CONFIRMATION_DIALOG_CONFIRM_label'.</msg>
<status status="PASS" starttime="20230928 14:50:21.746" endtime="20230928 14:50:21.789"/>
</kw>
<status status="PASS" starttime="20230928 14:50:21.242" endtime="20230928 14:50:21.791"/>
</kw>
<status status="PASS" starttime="20230928 14:50:03.280" endtime="20230928 14:50:21.791"/>
</kw>
<status status="PASS" starttime="20230928 14:50:03.271" endtime="20230928 14:50:21.791"/>
</test>
<test id="s1-t2" name="Cas2" line="23">
<kw name="Editer le nom un filtre nominal">
<arg>ID2</arg>
<arg>Giang_Test_ID2</arg>
<arg>Giang_Test_Editer_2</arg>
<kw name="Switch Window" library="SeleniumLibrary">
<arg>url= http://localhost:8088/share/page/dp/ws/faceted-search-config</arg>
<doc>Switches to browser window matching ``locator``.</doc>
<status status="PASS" starttime="20230928 14:50:21.795" endtime="20230928 14:50:21.947"/>
</kw>
<kw name="Creer Un nouveau filtre avec propriete Site">
<arg>${vID_du_filtre}</arg>
<arg>${vNom_du_filtre}</arg>
<kw name="Switch Window" library="SeleniumLibrary">
<arg>url= http://localhost:8088/share/page/dp/ws/faceted-search-config</arg>
<doc>Switches to browser window matching ``locator``.</doc>
<status status="PASS" starttime="20230928 14:50:21.947" endtime="20230928 14:50:22.008"/>
</kw>
<kw name="Sleep" library="BuiltIn">
<arg>3</arg>
<doc>Pauses the test executed for the given time.</doc>
<msg timestamp="20230928 14:50:25.010" level="INFO">Slept 3 seconds</msg>
<status status="PASS" starttime="20230928 14:50:22.009" endtime="20230928 14:50:25.010"/>
</kw>
<kw name="Wait Until Element Is Visible" library="SeleniumLibrary">
<arg>${btn_CreerNouveauFiltre}</arg>
<doc>Waits until the element ``locator`` is visible.</doc>
<status status="PASS" starttime="20230928 14:50:25.010" endtime="20230928 14:50:25.025"/>
</kw>
<kw name="Click Element" library="SeleniumLibrary">
<arg>${btn_CreerNouveauFiltre}</arg>
<doc>Click the element identified by ``locator``.</doc>
<msg timestamp="20230928 14:50:25.027" level="INFO">Clicking element 'xpath://span[text()='Créer un nouveau filtre']'.</msg>
<status status="PASS" starttime="20230928 14:50:25.027" endtime="20230928 14:50:25.163"/>
</kw>
<kw name="Wait Until Element Is Visible" library="SeleniumLibrary">
<arg>${ ID_du_filtre}</arg>
<doc>Waits until the element ``locator`` is visible.</doc>
<status status="PASS" starttime="20230928 14:50:25.163" endtime="20230928 14:50:25.188"/>
</kw>
<kw name="Input Text" library="SeleniumLibrary">
<arg>${ID_du_filtre}</arg>
<arg>${vID_du_filtre}</arg>
<doc>Types the given ``text`` into the text field identified by ``locator``.</doc>
<msg timestamp="20230928 14:50:25.188" level="INFO">Typing text 'ID2' into text field 'xpath://input[@name='filterID']'.</msg>
<status status="PASS" starttime="20230928 14:50:25.188" endtime="20230928 14:50:25.239"/>
</kw>
<kw name="Wait Until Element Is Visible" library="SeleniumLibrary">
<arg>${Nom_du_filtre}</arg>
<doc>Waits until the element ``locator`` is visible.</doc>
<status status="PASS" starttime="20230928 14:50:25.239" endtime="20230928 14:50:25.257"/>
</kw>
<kw name="Input Text" library="SeleniumLibrary">
<arg>${Nom_du_filtre}</arg>
<arg>${vNom_du_filtre}</arg>
<doc>Types the given ``text`` into the text field identified by ``locator``.</doc>
<msg timestamp="20230928 14:50:25.257" level="INFO">Typing text 'Giang_Test_ID2' into text field 'xpath://input[@name='displayName']'.</msg>
<status status="PASS" starttime="20230928 14:50:25.257" endtime="20230928 14:50:25.357"/>
</kw>
<kw name="Get WebElement" library="SeleniumLibrary">
<var>${btnEnregistrer}</var>
<arg>${Le_bouton_enregistrer}</arg>
<doc>Returns the first WebElement matching the given ``locator``.</doc>
<msg timestamp="20230928 14:50:25.366" level="INFO">${btnEnregistrer} = &lt;selenium.webdriver.remote.webelement.WebElement (session="e00c0eebad1d836b5c24918e07c01d31", element="63F3DE57F6FACA8538501F7A988E816A_element_3684")&gt;</msg>
<status status="PASS" starttime="20230928 14:50:25.357" endtime="20230928 14:50:25.366"/>
</kw>
<kw name="Mouse Down" library="SeleniumLibrary">
<arg>${btnEnregistrer}</arg>
<doc>Simulates pressing the left mouse button on the element ``locator``.</doc>
<msg timestamp="20230928 14:50:25.367" level="INFO">Simulating Mouse Down on element '&lt;selenium.webdriver.remote.webelement.WebElement (session="e00c0eebad1d836b5c24918e07c01d31", element="63F3DE57F6FACA8538501F7A988E816A_element_3684")&gt;'.</msg>
<status status="PASS" starttime="20230928 14:50:25.367" endtime="20230928 14:50:25.656"/>
</kw>
<kw name="Click Element" library="SeleniumLibrary">
<arg>${btnEnregistrer}</arg>
<doc>Click the element identified by ``locator``.</doc>
<msg timestamp="20230928 14:50:25.657" level="INFO">Clicking element '&lt;selenium.webdriver.remote.webelement.WebElement (session="e00c0eebad1d836b5c24918e07c01d31", element="63F3DE57F6FACA8538501F7A988E816A_element_3684")&gt;'.</msg>
<status status="PASS" starttime="20230928 14:50:25.656" endtime="20230928 14:50:25.703"/>
</kw>
<kw name="Sleep" library="BuiltIn">
<arg>3</arg>
<doc>Pauses the test executed for the given time.</doc>
<msg timestamp="20230928 14:50:28.703" level="INFO">Slept 3 seconds</msg>
<status status="PASS" starttime="20230928 14:50:25.703" endtime="20230928 14:50:28.704"/>
</kw>
<status status="PASS" starttime="20230928 14:50:21.947" endtime="20230928 14:50:28.704"/>
</kw>
<kw name="Verifier l'ID du filtre">
<arg>${vID_du_filtre}</arg>
<kw name="Wait Until Element Is Visible" library="SeleniumLibrary">
<arg>${id_du_Filtre_P1}${vID_du_filtre}${id_du_Filtre_P2}</arg>
<arg>timeout=10</arg>
<doc>Waits until the element ``locator`` is visible.</doc>
<status status="PASS" starttime="20230928 14:50:28.705" endtime="20230928 14:50:28.725"/>
</kw>
<kw name="Element Should Be Visible" library="SeleniumLibrary">
<arg>${id_du_Filtre_P1}${vID_du_filtre}${id_du_Filtre_P2}</arg>
<doc>Verifies that the element identified by ``locator`` is visible.</doc>
<msg timestamp="20230928 14:50:28.745" level="INFO">Element 'xpath://span/child::span[text()='ID2']' is displayed.</msg>
<status status="PASS" starttime="20230928 14:50:28.725" endtime="20230928 14:50:28.745"/>
</kw>
<status status="PASS" starttime="20230928 14:50:28.704" endtime="20230928 14:50:28.745"/>
</kw>
<kw name="Mouse Down On Image" library="SeleniumLibrary">
<arg>${bouton_ModifierNomFiltre1}${vNom_du_filtre}${bouton_ModifierNomFiltre2}</arg>
<doc>Simulates a mouse down event on an image identified by ``locator``.</doc>
<status status="PASS" starttime="20230928 14:50:28.746" endtime="20230928 14:50:29.039"/>
</kw>
<kw name="Wait Until Element Is Visible" library="SeleniumLibrary">
<arg>${bouton_ModifierNomFiltre1}${vNom_du_filtre}${bouton_ModifierNomFiltre2}</arg>
<doc>Waits until the element ``locator`` is visible.</doc>
<status status="PASS" starttime="20230928 14:50:29.040" endtime="20230928 14:50:29.068"/>
</kw>
<kw name="Click Image" library="SeleniumLibrary">
<arg>${bouton_ModifierNomFiltre1}${vNom_du_filtre}${bouton_ModifierNomFiltre2}</arg>
<doc>Clicks an image identified by ``locator``.</doc>
<msg timestamp="20230928 14:50:29.069" level="INFO">Clicking image 'xpath://img[@title="Cliquez pour modifier ''Giang_Test_ID2''"]'.</msg>
<status status="PASS" starttime="20230928 14:50:29.069" endtime="20230928 14:50:29.190"/>
</kw>
<kw name="Input Text" library="SeleniumLibrary">
<arg>${input_ModifierNomFiltre}</arg>
<arg>${vNom_du_filtre_modifier}</arg>
<doc>Types the given ``text`` into the text field identified by ``locator``.</doc>
<msg timestamp="20230928 14:50:29.190" level="INFO">Typing text 'Giang_Test_Editer_2' into text field 'xpath://input[@name='displayName']'.</msg>
<status status="PASS" starttime="20230928 14:50:29.190" endtime="20230928 14:50:29.313"/>
</kw>
<kw name="Sleep" library="BuiltIn">
<arg>5</arg>
<doc>Pauses the test executed for the given time.</doc>
<msg timestamp="20230928 14:50:34.315" level="INFO">Slept 5 seconds</msg>
<status status="PASS" starttime="20230928 14:50:29.313" endtime="20230928 14:50:34.315"/>
</kw>
<kw name="Mouse Down" library="SeleniumLibrary">
<arg>${btn_Modifier_Nom_Filtre}</arg>
<doc>Simulates pressing the left mouse button on the element ``locator``.</doc>
<msg timestamp="20230928 14:50:34.317" level="INFO">Simulating Mouse Down on element 'xpath://span[text()='Enregistrer']'.</msg>
<status status="PASS" starttime="20230928 14:50:34.316" endtime="20230928 14:50:34.620"/>
</kw>
<kw name="Click Element" library="SeleniumLibrary">
<arg>${btn_Modifier_Nom_Filtre}</arg>
<doc>Click the element identified by ``locator``.</doc>
<msg timestamp="20230928 14:50:34.622" level="INFO">Clicking element 'xpath://span[text()='Enregistrer']'.</msg>
<status status="PASS" starttime="20230928 14:50:34.621" endtime="20230928 14:50:34.671"/>
</kw>
<kw name="Sleep" library="BuiltIn">
<arg>5</arg>
<doc>Pauses the test executed for the given time.</doc>
<msg timestamp="20230928 14:50:39.671" level="INFO">Slept 5 seconds</msg>
<status status="PASS" starttime="20230928 14:50:34.671" endtime="20230928 14:50:39.672"/>
</kw>
<kw name="Verifier le nom du filtre">
<arg>${vNom_du_filtre_modifier}</arg>
<kw name="Wait Until Element Is Visible" library="SeleniumLibrary">
<arg>${nom_Du_Filtre_P1}${vNom_du_filtre}${nom_Du_Filtre_P2}</arg>
<arg>timeout=10</arg>
<doc>Waits until the element ``locator`` is visible.</doc>
<status status="PASS" starttime="20230928 14:50:39.672" endtime="20230928 14:50:39.699"/>
</kw>
<kw name="Element Should Be Visible" library="SeleniumLibrary">
<arg>${nom_Du_Filtre_P1}${vNom_du_filtre}${nom_Du_Filtre_P2}</arg>
<doc>Verifies that the element identified by ``locator`` is visible.</doc>
<msg timestamp="20230928 14:50:39.716" level="INFO">Element '//span[@class='label']/following-sibling::span[text()='Giang_Test_Editer_2']' is displayed.</msg>
<status status="PASS" starttime="20230928 14:50:39.700" endtime="20230928 14:50:39.718"/>
</kw>
<status status="PASS" starttime="20230928 14:50:39.672" endtime="20230928 14:50:39.718"/>
</kw>
<kw name="Supprimer un filtre">
<arg>${vID_du_filtre}</arg>
<kw name="Switch Window" library="SeleniumLibrary">
<arg>url= http://localhost:8088/share/page/dp/ws/faceted-search-config</arg>
<doc>Switches to browser window matching ``locator``.</doc>
<status status="PASS" starttime="20230928 14:50:39.718" endtime="20230928 14:50:39.796"/>
</kw>
<kw name="Wait Until Element Is Visible" library="SeleniumLibrary">
<arg>${bouton_supprimerFiltre1}${vID_du_filtre}${bouton_supprimerFiltre2}</arg>
<doc>Waits until the element ``locator`` is visible.</doc>
<status status="PASS" starttime="20230928 14:50:39.796" endtime="20230928 14:50:39.813"/>
</kw>
<kw name="Scroll Element Into View" library="SeleniumLibrary">
<arg>${bouton_supprimerFiltre1}${vID_du_filtre}${bouton_supprimerFiltre2}</arg>
<doc>Scrolls the element identified by ``locator`` into view.</doc>
<status status="PASS" starttime="20230928 14:50:39.813" endtime="20230928 14:50:40.101"/>
</kw>
<kw name="Click Element" library="SeleniumLibrary">
<arg>${bouton_supprimerFiltre1}${vID_du_filtre}${bouton_supprimerFiltre2}</arg>
<doc>Click the element identified by ``locator``.</doc>
<msg timestamp="20230928 14:50:40.102" level="INFO">Clicking element 'xpath://img[@title="Cliquez pour supprimer ''ID2''"]'.</msg>
<status status="PASS" starttime="20230928 14:50:40.102" endtime="20230928 14:50:40.209"/>
</kw>
<kw name="Wait Until Element Is Visible" library="SeleniumLibrary">
<arg>${bouton_confirmerSupressionFiltre}</arg>
<doc>Waits until the element ``locator`` is visible.</doc>
<status status="PASS" starttime="20230928 14:50:40.209" endtime="20230928 14:50:40.229"/>
</kw>
<kw name="Click Element" library="SeleniumLibrary">
<arg>${bouton_confirmerSupressionFiltre}</arg>
<doc>Click the element identified by ``locator``.</doc>
<msg timestamp="20230928 14:50:40.230" level="INFO">Clicking element 'id:ALF_CRUD_SERVICE_DELETE_CONFIRMATION_DIALOG_CONFIRM_label'.</msg>
<status status="PASS" starttime="20230928 14:50:40.229" endtime="20230928 14:50:40.259"/>
</kw>
<status status="PASS" starttime="20230928 14:50:39.718" endtime="20230928 14:50:40.259"/>
</kw>
<status status="PASS" starttime="20230928 14:50:21.794" endtime="20230928 14:50:40.259"/>
</kw>
<status status="PASS" starttime="20230928 14:50:21.792" endtime="20230928 14:50:40.261"/>
</test>
<test id="s1-t3" name="Cas3" line="23">
<kw name="Editer le nom un filtre nominal">
<arg>ID3</arg>
<arg>Giang_Test_ID3</arg>
<arg>Giang_Test_Editer_3</arg>
<kw name="Switch Window" library="SeleniumLibrary">
<arg>url= http://localhost:8088/share/page/dp/ws/faceted-search-config</arg>
<doc>Switches to browser window matching ``locator``.</doc>
<status status="PASS" starttime="20230928 14:50:40.265" endtime="20230928 14:50:40.439"/>
</kw>
<kw name="Creer Un nouveau filtre avec propriete Site">
<arg>${vID_du_filtre}</arg>
<arg>${vNom_du_filtre}</arg>
<kw name="Switch Window" library="SeleniumLibrary">
<arg>url= http://localhost:8088/share/page/dp/ws/faceted-search-config</arg>
<doc>Switches to browser window matching ``locator``.</doc>
<status status="PASS" starttime="20230928 14:50:40.440" endtime="20230928 14:50:41.095"/>
</kw>
<kw name="Sleep" library="BuiltIn">
<arg>3</arg>
<doc>Pauses the test executed for the given time.</doc>
<msg timestamp="20230928 14:50:44.097" level="INFO">Slept 3 seconds</msg>
<status status="PASS" starttime="20230928 14:50:41.095" endtime="20230928 14:50:44.097"/>
</kw>
<kw name="Wait Until Element Is Visible" library="SeleniumLibrary">
<arg>${btn_CreerNouveauFiltre}</arg>
<doc>Waits until the element ``locator`` is visible.</doc>
<status status="PASS" starttime="20230928 14:50:44.097" endtime="20230928 14:50:44.120"/>
</kw>
<kw name="Click Element" library="SeleniumLibrary">
<arg>${btn_CreerNouveauFiltre}</arg>
<doc>Click the element identified by ``locator``.</doc>
<msg timestamp="20230928 14:50:44.120" level="INFO">Clicking element 'xpath://span[text()='Créer un nouveau filtre']'.</msg>
<status status="PASS" starttime="20230928 14:50:44.120" endtime="20230928 14:50:44.253"/>
</kw>
<kw name="Wait Until Element Is Visible" library="SeleniumLibrary">
<arg>${ ID_du_filtre}</arg>
<doc>Waits until the element ``locator`` is visible.</doc>
<status status="PASS" starttime="20230928 14:50:44.254" endtime="20230928 14:50:44.289"/>
</kw>
<kw name="Input Text" library="SeleniumLibrary">
<arg>${ID_du_filtre}</arg>
<arg>${vID_du_filtre}</arg>
<doc>Types the given ``text`` into the text field identified by ``locator``.</doc>
<msg timestamp="20230928 14:50:44.290" level="INFO">Typing text 'ID3' into text field 'xpath://input[@name='filterID']'.</msg>
<status status="PASS" starttime="20230928 14:50:44.290" endtime="20230928 14:50:44.357"/>
</kw>
<kw name="Wait Until Element Is Visible" library="SeleniumLibrary">
<arg>${Nom_du_filtre}</arg>
<doc>Waits until the element ``locator`` is visible.</doc>
<status status="PASS" starttime="20230928 14:50:44.358" endtime="20230928 14:50:44.370"/>
</kw>
<kw name="Input Text" library="SeleniumLibrary">
<arg>${Nom_du_filtre}</arg>
<arg>${vNom_du_filtre}</arg>
<doc>Types the given ``text`` into the text field identified by ``locator``.</doc>
<msg timestamp="20230928 14:50:44.371" level="INFO">Typing text 'Giang_Test_ID3' into text field 'xpath://input[@name='displayName']'.</msg>
<status status="PASS" starttime="20230928 14:50:44.370" endtime="20230928 14:50:44.467"/>
</kw>
<kw name="Get WebElement" library="SeleniumLibrary">
<var>${btnEnregistrer}</var>
<arg>${Le_bouton_enregistrer}</arg>
<doc>Returns the first WebElement matching the given ``locator``.</doc>
<msg timestamp="20230928 14:50:44.479" level="INFO">${btnEnregistrer} = &lt;selenium.webdriver.remote.webelement.WebElement (session="e00c0eebad1d836b5c24918e07c01d31", element="63F3DE57F6FACA8538501F7A988E816A_element_7259")&gt;</msg>
<status status="PASS" starttime="20230928 14:50:44.468" endtime="20230928 14:50:44.479"/>
</kw>
<kw name="Mouse Down" library="SeleniumLibrary">
<arg>${btnEnregistrer}</arg>
<doc>Simulates pressing the left mouse button on the element ``locator``.</doc>
<msg timestamp="20230928 14:50:44.480" level="INFO">Simulating Mouse Down on element '&lt;selenium.webdriver.remote.webelement.WebElement (session="e00c0eebad1d836b5c24918e07c01d31", element="63F3DE57F6FACA8538501F7A988E816A_element_7259")&gt;'.</msg>
<status status="PASS" starttime="20230928 14:50:44.480" endtime="20230928 14:50:44.753"/>
</kw>
<kw name="Click Element" library="SeleniumLibrary">
<arg>${btnEnregistrer}</arg>
<doc>Click the element identified by ``locator``.</doc>
<msg timestamp="20230928 14:50:44.755" level="INFO">Clicking element '&lt;selenium.webdriver.remote.webelement.WebElement (session="e00c0eebad1d836b5c24918e07c01d31", element="63F3DE57F6FACA8538501F7A988E816A_element_7259")&gt;'.</msg>
<status status="PASS" starttime="20230928 14:50:44.755" endtime="20230928 14:50:44.809"/>
</kw>
<kw name="Sleep" library="BuiltIn">
<arg>3</arg>
<doc>Pauses the test executed for the given time.</doc>
<msg timestamp="20230928 14:50:47.811" level="INFO">Slept 3 seconds</msg>
<status status="PASS" starttime="20230928 14:50:44.809" endtime="20230928 14:50:47.811"/>
</kw>
<status status="PASS" starttime="20230928 14:50:40.439" endtime="20230928 14:50:47.812"/>
</kw>
<kw name="Verifier l'ID du filtre">
<arg>${vID_du_filtre}</arg>
<kw name="Wait Until Element Is Visible" library="SeleniumLibrary">
<arg>${id_du_Filtre_P1}${vID_du_filtre}${id_du_Filtre_P2}</arg>
<arg>timeout=10</arg>
<doc>Waits until the element ``locator`` is visible.</doc>
<status status="PASS" starttime="20230928 14:50:47.813" endtime="20230928 14:50:47.840"/>
</kw>
<kw name="Element Should Be Visible" library="SeleniumLibrary">
<arg>${id_du_Filtre_P1}${vID_du_filtre}${id_du_Filtre_P2}</arg>
<doc>Verifies that the element identified by ``locator`` is visible.</doc>
<msg timestamp="20230928 14:50:47.862" level="INFO">Element 'xpath://span/child::span[text()='ID3']' is displayed.</msg>
<status status="PASS" starttime="20230928 14:50:47.840" endtime="20230928 14:50:47.862"/>
</kw>
<status status="PASS" starttime="20230928 14:50:47.812" endtime="20230928 14:50:47.862"/>
</kw>
<kw name="Mouse Down On Image" library="SeleniumLibrary">
<arg>${bouton_ModifierNomFiltre1}${vNom_du_filtre}${bouton_ModifierNomFiltre2}</arg>
<doc>Simulates a mouse down event on an image identified by ``locator``.</doc>
<status status="PASS" starttime="20230928 14:50:47.862" endtime="20230928 14:50:48.159"/>
</kw>
<kw name="Wait Until Element Is Visible" library="SeleniumLibrary">
<arg>${bouton_ModifierNomFiltre1}${vNom_du_filtre}${bouton_ModifierNomFiltre2}</arg>
<doc>Waits until the element ``locator`` is visible.</doc>
<status status="PASS" starttime="20230928 14:50:48.160" endtime="20230928 14:50:48.178"/>
</kw>
<kw name="Click Image" library="SeleniumLibrary">
<arg>${bouton_ModifierNomFiltre1}${vNom_du_filtre}${bouton_ModifierNomFiltre2}</arg>
<doc>Clicks an image identified by ``locator``.</doc>
<msg timestamp="20230928 14:50:48.179" level="INFO">Clicking image 'xpath://img[@title="Cliquez pour modifier ''Giang_Test_ID3''"]'.</msg>
<status status="PASS" starttime="20230928 14:50:48.178" endtime="20230928 14:50:48.312"/>
</kw>
<kw name="Input Text" library="SeleniumLibrary">
<arg>${input_ModifierNomFiltre}</arg>
<arg>${vNom_du_filtre_modifier}</arg>
<doc>Types the given ``text`` into the text field identified by ``locator``.</doc>
<msg timestamp="20230928 14:50:48.313" level="INFO">Typing text 'Giang_Test_Editer_3' into text field 'xpath://input[@name='displayName']'.</msg>
<status status="PASS" starttime="20230928 14:50:48.312" endtime="20230928 14:50:48.457"/>
</kw>
<kw name="Sleep" library="BuiltIn">
<arg>5</arg>
<doc>Pauses the test executed for the given time.</doc>
<msg timestamp="20230928 14:50:53.458" level="INFO">Slept 5 seconds</msg>
<status status="PASS" starttime="20230928 14:50:48.457" endtime="20230928 14:50:53.458"/>
</kw>
<kw name="Mouse Down" library="SeleniumLibrary">
<arg>${btn_Modifier_Nom_Filtre}</arg>
<doc>Simulates pressing the left mouse button on the element ``locator``.</doc>
<msg timestamp="20230928 14:50:53.459" level="INFO">Simulating Mouse Down on element 'xpath://span[text()='Enregistrer']'.</msg>
<status status="PASS" starttime="20230928 14:50:53.458" endtime="20230928 14:50:53.741"/>
</kw>
<kw name="Click Element" library="SeleniumLibrary">
<arg>${btn_Modifier_Nom_Filtre}</arg>
<doc>Click the element identified by ``locator``.</doc>
<msg timestamp="20230928 14:50:53.742" level="INFO">Clicking element 'xpath://span[text()='Enregistrer']'.</msg>
<status status="PASS" starttime="20230928 14:50:53.741" endtime="20230928 14:50:53.795"/>
</kw>
<kw name="Sleep" library="BuiltIn">
<arg>5</arg>
<doc>Pauses the test executed for the given time.</doc>
<msg timestamp="20230928 14:50:58.795" level="INFO">Slept 5 seconds</msg>
<status status="PASS" starttime="20230928 14:50:53.795" endtime="20230928 14:50:58.795"/>
</kw>
<kw name="Verifier le nom du filtre">
<arg>${vNom_du_filtre_modifier}</arg>
<kw name="Wait Until Element Is Visible" library="SeleniumLibrary">
<arg>${nom_Du_Filtre_P1}${vNom_du_filtre}${nom_Du_Filtre_P2}</arg>
<arg>timeout=10</arg>
<doc>Waits until the element ``locator`` is visible.</doc>
<status status="PASS" starttime="20230928 14:50:58.796" endtime="20230928 14:50:58.819"/>
</kw>
<kw name="Element Should Be Visible" library="SeleniumLibrary">
<arg>${nom_Du_Filtre_P1}${vNom_du_filtre}${nom_Du_Filtre_P2}</arg>
<doc>Verifies that the element identified by ``locator`` is visible.</doc>
<msg timestamp="20230928 14:50:58.834" level="INFO">Element '//span[@class='label']/following-sibling::span[text()='Giang_Test_Editer_3']' is displayed.</msg>
<status status="PASS" starttime="20230928 14:50:58.819" endtime="20230928 14:50:58.835"/>
</kw>
<status status="PASS" starttime="20230928 14:50:58.796" endtime="20230928 14:50:58.835"/>
</kw>
<kw name="Supprimer un filtre">
<arg>${vID_du_filtre}</arg>
<kw name="Switch Window" library="SeleniumLibrary">
<arg>url= http://localhost:8088/share/page/dp/ws/faceted-search-config</arg>
<doc>Switches to browser window matching ``locator``.</doc>
<status status="PASS" starttime="20230928 14:50:58.835" endtime="20230928 14:50:58.910"/>
</kw>
<kw name="Wait Until Element Is Visible" library="SeleniumLibrary">
<arg>${bouton_supprimerFiltre1}${vID_du_filtre}${bouton_supprimerFiltre2}</arg>
<doc>Waits until the element ``locator`` is visible.</doc>
<status status="PASS" starttime="20230928 14:50:58.910" endtime="20230928 14:50:58.929"/>
</kw>
<kw name="Scroll Element Into View" library="SeleniumLibrary">
<arg>${bouton_supprimerFiltre1}${vID_du_filtre}${bouton_supprimerFiltre2}</arg>
<doc>Scrolls the element identified by ``locator`` into view.</doc>
<status status="PASS" starttime="20230928 14:50:58.929" endtime="20230928 14:50:59.214"/>
</kw>
<kw name="Click Element" library="SeleniumLibrary">
<arg>${bouton_supprimerFiltre1}${vID_du_filtre}${bouton_supprimerFiltre2}</arg>
<doc>Click the element identified by ``locator``.</doc>
<msg timestamp="20230928 14:50:59.216" level="INFO">Clicking element 'xpath://img[@title="Cliquez pour supprimer ''ID3''"]'.</msg>
<status status="PASS" starttime="20230928 14:50:59.215" endtime="20230928 14:50:59.304"/>
</kw>
<kw name="Wait Until Element Is Visible" library="SeleniumLibrary">
<arg>${bouton_confirmerSupressionFiltre}</arg>
<doc>Waits until the element ``locator`` is visible.</doc>
<status status="PASS" starttime="20230928 14:50:59.304" endtime="20230928 14:50:59.324"/>
</kw>
<kw name="Click Element" library="SeleniumLibrary">
<arg>${bouton_confirmerSupressionFiltre}</arg>
<doc>Click the element identified by ``locator``.</doc>
<msg timestamp="20230928 14:50:59.325" level="INFO">Clicking element 'id:ALF_CRUD_SERVICE_DELETE_CONFIRMATION_DIALOG_CONFIRM_label'.</msg>
<status status="PASS" starttime="20230928 14:50:59.324" endtime="20230928 14:50:59.360"/>
</kw>
<status status="PASS" starttime="20230928 14:50:58.835" endtime="20230928 14:50:59.360"/>
</kw>
<status status="PASS" starttime="20230928 14:50:40.265" endtime="20230928 14:50:59.360"/>
</kw>
<status status="PASS" starttime="20230928 14:50:40.262" endtime="20230928 14:50:59.361"/>
</test>
<kw name="Logout" library="keywords" type="TEARDOWN">
<kw name="Wait Until Element Is Visible" library="SeleniumLibrary">
<arg>${link_HeaderUserMenu}</arg>
<doc>Waits until the element ``locator`` is visible.</doc>
<status status="PASS" starttime="20230928 14:50:59.363" endtime="20230928 14:50:59.511"/>
</kw>
<kw name="Click Element" library="SeleniumLibrary">
<arg>${link_HeaderUserMenu}</arg>
<doc>Click the element identified by ``locator``.</doc>
<msg timestamp="20230928 14:50:59.512" level="INFO">Clicking element 'id=HEADER_USER_MENU_POPUP'.</msg>
<status status="PASS" starttime="20230928 14:50:59.511" endtime="20230928 14:51:00.324"/>
</kw>
<kw name="Wait Until Element Is Visible" library="SeleniumLibrary">
<arg>${link_HeaderDeconnexion}</arg>
<doc>Waits until the element ``locator`` is visible.</doc>
<status status="PASS" starttime="20230928 14:51:00.324" endtime="20230928 14:51:00.351"/>
</kw>
<kw name="Click Element" library="SeleniumLibrary">
<arg>${link_HeaderDeconnexion}</arg>
<doc>Click the element identified by ``locator``.</doc>
<msg timestamp="20230928 14:51:00.351" level="INFO">Clicking element 'id=HEADER_USER_MENU_LOGOUT'.</msg>
<status status="PASS" starttime="20230928 14:51:00.351" endtime="20230928 14:51:00.392"/>
</kw>
<status status="PASS" starttime="20230928 14:50:59.363" endtime="20230928 14:51:00.392"/>
</kw>
<status status="PASS" starttime="20230928 14:49:43.239" endtime="20230928 14:51:00.392"/>
</suite>
<statistics>
<total>
<stat pass="3" fail="0" skip="0">All Tests</stat>
</total>
<tag>
</tag>
<suite>
<stat pass="3" fail="0" skip="0" id="s1" name="EditerNomDuFiltreNominal">EditerNomDuFiltreNominal</stat>
</suite>
</statistics>
<errors>
</errors>
</robot>
