<?xml version="1.0" encoding="UTF-8"?>
<robot generator="Robot 6.1.1 (Python 3.11.3 on win32)" generated="20230928 10:37:06.060" rpa="false" schemaversion="4">
<suite id="s1" name="EditerCategorieNominal" source="g:\Bois_de_Boulogne\Season4\Project Synthese\Automation_Test_DataPool_RF\RFCasTests\Scripts\EditerCategorieNominal.robot">
<kw name="Open browser login and preconditions pour editer un nom du categorie nominal" library="keywords" type="SETUP">
<kw name="Login" library="keywords">
<arg>${vURL}</arg>
<arg>${vBrowser}</arg>
<arg>${vUsername}</arg>
<arg>${vPassword}</arg>
<kw name="Set Selenium Timeout" library="SeleniumLibrary">
<arg>${TIMEOUT}</arg>
<doc>Sets the timeout that is used by various keywords.</doc>
<status status="PASS" starttime="20230928 10:37:06.446" endtime="20230928 10:37:06.449"/>
</kw>
<kw name="Open Browser" library="SeleniumLibrary">
<arg>${vURL}</arg>
<arg>${vBrowser}</arg>
<arg>options=add_argument('--lang=fr')</arg>
<doc>Opens a new browser instance to the optional ``url``.</doc>
<msg timestamp="20230928 10:37:06.449" level="INFO">Opening browser 'chrome' to base url 'http://localhost:8088/share/page'.</msg>
<status status="PASS" starttime="20230928 10:37:06.449" endtime="20230928 10:37:09.626"/>
</kw>
<kw name="Maximize Browser Window" library="SeleniumLibrary">
<doc>Maximizes current browser window.</doc>
<status status="PASS" starttime="20230928 10:37:09.626" endtime="20230928 10:37:09.773"/>
</kw>
<kw name="Input Text" library="SeleniumLibrary">
<arg>${txt_UserName}</arg>
<arg>${vUsername}</arg>
<doc>Types the given ``text`` into the text field identified by ``locator``.</doc>
<msg timestamp="20230928 10:37:09.773" level="INFO">Typing text 'admin' into text field 'name=username'.</msg>
<status status="PASS" starttime="20230928 10:37:09.773" endtime="20230928 10:37:09.881"/>
</kw>
<kw name="Input Text" library="SeleniumLibrary">
<arg>${txt_Password}</arg>
<arg>${vPassword}</arg>
<doc>Types the given ``text`` into the text field identified by ``locator``.</doc>
<msg timestamp="20230928 10:37:09.881" level="INFO">Typing text '12345678' into text field 'name=password'.</msg>
<status status="PASS" starttime="20230928 10:37:09.881" endtime="20230928 10:37:10.023"/>
</kw>
<kw name="Click Button" library="SeleniumLibrary">
<arg>${btn_Login}</arg>
<doc>Clicks the button identified by ``locator``.</doc>
<msg timestamp="20230928 10:37:10.023" level="INFO">Clicking button 'xpath=//button[contains(text(), 'Connexion')]'.</msg>
<status status="PASS" starttime="20230928 10:37:10.023" endtime="20230928 10:37:11.031"/>
</kw>
<kw name="Wait Until Element Is Visible" library="SeleniumLibrary">
<arg>${lblTitle}</arg>
<doc>Waits until the element ``locator`` is visible.</doc>
<status status="PASS" starttime="20230928 10:37:11.031" endtime="20230928 10:37:11.076"/>
</kw>
<kw name="Element Should Contain" library="SeleniumLibrary">
<arg>${lblTitle}</arg>
<arg>Tableau de bord de</arg>
<doc>Verifies that element ``locator`` contains text ``expected``.</doc>
<msg timestamp="20230928 10:37:11.155" level="INFO">Element 'xpath=//h1[@id='HEADER_TITLE']/span' contains text 'Tableau de bord de'.</msg>
<status status="PASS" starttime="20230928 10:37:11.076" endtime="20230928 10:37:11.155"/>
</kw>
<status status="PASS" starttime="20230928 10:37:06.446" endtime="20230928 10:37:11.155"/>
</kw>
<kw name="Sleep" library="BuiltIn">
<arg>3</arg>
<doc>Pauses the test executed for the given time.</doc>
<msg timestamp="20230928 10:37:14.156" level="INFO">Slept 3 seconds</msg>
<status status="PASS" starttime="20230928 10:37:11.155" endtime="20230928 10:37:14.156"/>
</kw>
<kw name="Affichage la page Outil Admin" library="keywords">
<kw name="Wait Until Element Is Visible" library="SeleniumLibrary">
<arg>${link_headerOutilsAdmin}</arg>
<doc>Waits until the element ``locator`` is visible.</doc>
<status status="PASS" starttime="20230928 10:37:14.156" endtime="20230928 10:37:14.181"/>
</kw>
<kw name="Click Element" library="SeleniumLibrary">
<arg>${link_headerOutilsAdmin}</arg>
<doc>Click the element identified by ``locator``.</doc>
<msg timestamp="20230928 10:37:14.193" level="INFO">Clicking element 'xpath=//div[@id='HEADER_ADMIN_CONSOLE']/span/a'.</msg>
<status status="PASS" starttime="20230928 10:37:14.181" endtime="20230928 10:37:17.245"/>
</kw>
<kw name="Wait Until Element Is Visible" library="SeleniumLibrary">
<arg>${link_GestionnaireCategorie}</arg>
<doc>Waits until the element ``locator`` is visible.</doc>
<status status="PASS" starttime="20230928 10:37:17.245" endtime="20230928 10:37:17.280"/>
</kw>
<status status="PASS" starttime="20230928 10:37:14.156" endtime="20230928 10:37:17.280"/>
</kw>
<kw name="Affichage l'option de menu dans la page Outil Admin" library="keywords">
<arg>Gestionnaire de catégories</arg>
<kw name="Click Element" library="SeleniumLibrary">
<arg>${admin_Page_Element_P1}${option}${admin_Page_Element_P2}</arg>
<doc>Click the element identified by ``locator``.</doc>
<msg timestamp="20230928 10:37:17.280" level="INFO">Clicking element 'xpath://a[contains(text(),'Gestionnaire de catégories')]'.</msg>
<status status="PASS" starttime="20230928 10:37:17.280" endtime="20230928 10:37:17.677"/>
</kw>
<kw name="Sleep" library="BuiltIn">
<arg>3</arg>
<doc>Pauses the test executed for the given time.</doc>
<msg timestamp="20230928 10:37:20.679" level="INFO">Slept 3 seconds</msg>
<status status="PASS" starttime="20230928 10:37:17.677" endtime="20230928 10:37:20.679"/>
</kw>
<status status="PASS" starttime="20230928 10:37:17.280" endtime="20230928 10:37:20.679"/>
</kw>
<status status="PASS" starttime="20230928 10:37:06.446" endtime="20230928 10:37:20.679"/>
</kw>
<test id="s1-t1" name="Cas1" line="23">
<kw name="Editer une categorie nominal">
<arg>Test Editer</arg>
<arg>Test Editer 1</arg>
<kw name="Mouse Over" library="SeleniumLibrary">
<arg>${btn_SupprimerCategoriesP1}${nomCategorie}${link_categorieP2}</arg>
<doc>Simulates hovering the mouse over the element ``locator``.</doc>
<msg timestamp="20230928 10:37:20.690" level="INFO">Simulating Mouse Over on element '//span[text()='Test Editer']'.</msg>
<status status="PASS" starttime="20230928 10:37:20.690" endtime="20230928 10:37:20.983"/>
</kw>
<kw name="Click Element" library="SeleniumLibrary">
<arg>${btn_SupprimerCategoriesP1}${nomCategorie}${link_categorieP2}</arg>
<doc>Click the element identified by ``locator``.</doc>
<msg timestamp="20230928 10:37:20.988" level="INFO">Clicking element '//span[text()='Test Editer']'.</msg>
<status status="PASS" starttime="20230928 10:37:20.983" endtime="20230928 10:37:21.052"/>
</kw>
<kw name="Mouse Over" library="SeleniumLibrary">
<arg>${icon_Editer_P1}${nomCategorie}${link_categorieP2}</arg>
<doc>Simulates hovering the mouse over the element ``locator``.</doc>
<msg timestamp="20230928 10:37:21.054" level="INFO">Simulating Mouse Over on element '//span[text()='Test Editer']'.</msg>
<status status="PASS" starttime="20230928 10:37:21.054" endtime="20230928 10:37:21.344"/>
</kw>
<kw name="Sleep" library="BuiltIn">
<arg>3</arg>
<doc>Pauses the test executed for the given time.</doc>
<msg timestamp="20230928 10:37:24.345" level="INFO">Slept 3 seconds</msg>
<status status="PASS" starttime="20230928 10:37:21.344" endtime="20230928 10:37:24.345"/>
</kw>
<kw name="Mouse Down" library="SeleniumLibrary">
<arg>${icon_Editer_P1}${nomCategorie}${icon_Editer_P2}</arg>
<doc>Simulates pressing the left mouse button on the element ``locator``.</doc>
<msg timestamp="20230928 10:37:24.345" level="INFO">Simulating Mouse Down on element '//span[text()='Test Editer']/descendant::span[@class='insitu-edit-category']'.</msg>
<status status="PASS" starttime="20230928 10:37:24.345" endtime="20230928 10:37:24.641"/>
</kw>
<kw name="Click Element" library="SeleniumLibrary">
<arg>${icon_Editer_P1}${nomCategorie}${icon_Editer_P2}</arg>
<doc>Click the element identified by ``locator``.</doc>
<msg timestamp="20230928 10:37:24.643" level="INFO">Clicking element '//span[text()='Test Editer']/descendant::span[@class='insitu-edit-category']'.</msg>
<status status="PASS" starttime="20230928 10:37:24.641" endtime="20230928 10:37:24.711"/>
</kw>
<kw name="Wait Until Element Is Visible" library="SeleniumLibrary">
<arg>${input_Editer}</arg>
<doc>Waits until the element ``locator`` is visible.</doc>
<status status="PASS" starttime="20230928 10:37:24.711" endtime="20230928 10:37:24.746"/>
</kw>
<kw name="Input Text" library="SeleniumLibrary">
<arg>${input_Editer}</arg>
<arg>${editerValue}</arg>
<doc>Types the given ``text`` into the text field identified by ``locator``.</doc>
<msg timestamp="20230928 10:37:24.746" level="INFO">Typing text 'Test Editer 1' into text field '//form[@method='post']/input[@name='name']'.</msg>
<status status="PASS" starttime="20230928 10:37:24.746" endtime="20230928 10:37:24.869"/>
</kw>
<kw name="Mouse Down" library="SeleniumLibrary">
<arg>${btn_Editer_Enregistrer}</arg>
<doc>Simulates pressing the left mouse button on the element ``locator``.</doc>
<msg timestamp="20230928 10:37:24.871" level="INFO">Simulating Mouse Down on element '//a[text()='Enregistrer']'.</msg>
<status status="PASS" starttime="20230928 10:37:24.869" endtime="20230928 10:37:25.172"/>
</kw>
<kw name="Click Element" library="SeleniumLibrary">
<arg>${btn_Editer_Enregistrer}</arg>
<doc>Click the element identified by ``locator``.</doc>
<msg timestamp="20230928 10:37:25.174" level="INFO">Clicking element '//a[text()='Enregistrer']'.</msg>
<status status="PASS" starttime="20230928 10:37:25.172" endtime="20230928 10:37:25.294"/>
</kw>
<kw name="Verifier le nom de categorie">
<arg>${editerValue}</arg>
<kw name="Wait Until Element Is Visible" library="SeleniumLibrary">
<arg>${btn_SupprimerCategoriesP1}${nomCategorie}${link_categorieP2}</arg>
<arg>timeout=10</arg>
<doc>Waits until the element ``locator`` is visible.</doc>
<status status="PASS" starttime="20230928 10:37:25.294" endtime="20230928 10:37:25.534"/>
</kw>
<kw name="Element Should Be Visible" library="SeleniumLibrary">
<arg>${btn_SupprimerCategoriesP1}${nomCategorie}${link_categorieP2}</arg>
<doc>Verifies that the element identified by ``locator`` is visible.</doc>
<msg timestamp="20230928 10:37:25.554" level="INFO">Element '//span[text()='Test Editer 1']' is displayed.</msg>
<status status="PASS" starttime="20230928 10:37:25.534" endtime="20230928 10:37:25.554"/>
</kw>
<status status="PASS" starttime="20230928 10:37:25.294" endtime="20230928 10:37:25.554"/>
</kw>
<status status="PASS" starttime="20230928 10:37:20.688" endtime="20230928 10:37:25.554"/>
</kw>
<status status="PASS" starttime="20230928 10:37:20.679" endtime="20230928 10:37:25.554"/>
</test>
<test id="s1-t2" name="Cas2" line="23">
<kw name="Editer une categorie nominal">
<arg>test2</arg>
<arg>test22</arg>
<kw name="Mouse Over" library="SeleniumLibrary">
<arg>${btn_SupprimerCategoriesP1}${nomCategorie}${link_categorieP2}</arg>
<doc>Simulates hovering the mouse over the element ``locator``.</doc>
<msg timestamp="20230928 10:37:25.564" level="INFO">Simulating Mouse Over on element '//span[text()='test2']'.</msg>
<status status="PASS" starttime="20230928 10:37:25.564" endtime="20230928 10:37:25.849"/>
</kw>
<kw name="Click Element" library="SeleniumLibrary">
<arg>${btn_SupprimerCategoriesP1}${nomCategorie}${link_categorieP2}</arg>
<doc>Click the element identified by ``locator``.</doc>
<msg timestamp="20230928 10:37:25.851" level="INFO">Clicking element '//span[text()='test2']'.</msg>
<status status="PASS" starttime="20230928 10:37:25.851" endtime="20230928 10:37:25.916"/>
</kw>
<kw name="Mouse Over" library="SeleniumLibrary">
<arg>${icon_Editer_P1}${nomCategorie}${link_categorieP2}</arg>
<doc>Simulates hovering the mouse over the element ``locator``.</doc>
<msg timestamp="20230928 10:37:25.920" level="INFO">Simulating Mouse Over on element '//span[text()='test2']'.</msg>
<status status="PASS" starttime="20230928 10:37:25.916" endtime="20230928 10:37:26.210"/>
</kw>
<kw name="Sleep" library="BuiltIn">
<arg>3</arg>
<doc>Pauses the test executed for the given time.</doc>
<msg timestamp="20230928 10:37:29.211" level="INFO">Slept 3 seconds</msg>
<status status="PASS" starttime="20230928 10:37:26.210" endtime="20230928 10:37:29.211"/>
</kw>
<kw name="Mouse Down" library="SeleniumLibrary">
<arg>${icon_Editer_P1}${nomCategorie}${icon_Editer_P2}</arg>
<doc>Simulates pressing the left mouse button on the element ``locator``.</doc>
<msg timestamp="20230928 10:37:29.211" level="INFO">Simulating Mouse Down on element '//span[text()='test2']/descendant::span[@class='insitu-edit-category']'.</msg>
<status status="PASS" starttime="20230928 10:37:29.211" endtime="20230928 10:37:29.505"/>
</kw>
<kw name="Click Element" library="SeleniumLibrary">
<arg>${icon_Editer_P1}${nomCategorie}${icon_Editer_P2}</arg>
<doc>Click the element identified by ``locator``.</doc>
<msg timestamp="20230928 10:37:29.505" level="INFO">Clicking element '//span[text()='test2']/descendant::span[@class='insitu-edit-category']'.</msg>
<status status="PASS" starttime="20230928 10:37:29.505" endtime="20230928 10:37:29.546"/>
</kw>
<kw name="Wait Until Element Is Visible" library="SeleniumLibrary">
<arg>${input_Editer}</arg>
<doc>Waits until the element ``locator`` is visible.</doc>
<status status="PASS" starttime="20230928 10:37:29.548" endtime="20230928 10:37:29.570"/>
</kw>
<kw name="Input Text" library="SeleniumLibrary">
<arg>${input_Editer}</arg>
<arg>${editerValue}</arg>
<doc>Types the given ``text`` into the text field identified by ``locator``.</doc>
<msg timestamp="20230928 10:37:29.572" level="INFO">Typing text 'test22' into text field '//form[@method='post']/input[@name='name']'.</msg>
<status status="PASS" starttime="20230928 10:37:29.570" endtime="20230928 10:37:29.687"/>
</kw>
<kw name="Mouse Down" library="SeleniumLibrary">
<arg>${btn_Editer_Enregistrer}</arg>
<doc>Simulates pressing the left mouse button on the element ``locator``.</doc>
<msg timestamp="20230928 10:37:29.687" level="INFO">Simulating Mouse Down on element '//a[text()='Enregistrer']'.</msg>
<status status="PASS" starttime="20230928 10:37:29.687" endtime="20230928 10:37:29.979"/>
</kw>
<kw name="Click Element" library="SeleniumLibrary">
<arg>${btn_Editer_Enregistrer}</arg>
<doc>Click the element identified by ``locator``.</doc>
<msg timestamp="20230928 10:37:29.981" level="INFO">Clicking element '//a[text()='Enregistrer']'.</msg>
<status status="PASS" starttime="20230928 10:37:29.981" endtime="20230928 10:37:30.052"/>
</kw>
<kw name="Verifier le nom de categorie">
<arg>${editerValue}</arg>
<kw name="Wait Until Element Is Visible" library="SeleniumLibrary">
<arg>${btn_SupprimerCategoriesP1}${nomCategorie}${link_categorieP2}</arg>
<arg>timeout=10</arg>
<doc>Waits until the element ``locator`` is visible.</doc>
<status status="PASS" starttime="20230928 10:37:30.054" endtime="20230928 10:37:30.289"/>
</kw>
<kw name="Element Should Be Visible" library="SeleniumLibrary">
<arg>${btn_SupprimerCategoriesP1}${nomCategorie}${link_categorieP2}</arg>
<doc>Verifies that the element identified by ``locator`` is visible.</doc>
<msg timestamp="20230928 10:37:30.307" level="INFO">Element '//span[text()='test22']' is displayed.</msg>
<status status="PASS" starttime="20230928 10:37:30.289" endtime="20230928 10:37:30.307"/>
</kw>
<status status="PASS" starttime="20230928 10:37:30.052" endtime="20230928 10:37:30.307"/>
</kw>
<status status="PASS" starttime="20230928 10:37:25.564" endtime="20230928 10:37:30.307"/>
</kw>
<status status="PASS" starttime="20230928 10:37:25.554" endtime="20230928 10:37:30.307"/>
</test>
<test id="s1-t3" name="Cas3" line="23">
<kw name="Editer une categorie nominal">
<arg>test33</arg>
<arg>test333</arg>
<kw name="Mouse Over" library="SeleniumLibrary">
<arg>${btn_SupprimerCategoriesP1}${nomCategorie}${link_categorieP2}</arg>
<doc>Simulates hovering the mouse over the element ``locator``.</doc>
<msg timestamp="20230928 10:37:30.321" level="INFO">Simulating Mouse Over on element '//span[text()='test33']'.</msg>
<status status="PASS" starttime="20230928 10:37:30.321" endtime="20230928 10:37:30.631"/>
</kw>
<kw name="Click Element" library="SeleniumLibrary">
<arg>${btn_SupprimerCategoriesP1}${nomCategorie}${link_categorieP2}</arg>
<doc>Click the element identified by ``locator``.</doc>
<msg timestamp="20230928 10:37:30.631" level="INFO">Clicking element '//span[text()='test33']'.</msg>
<status status="PASS" starttime="20230928 10:37:30.631" endtime="20230928 10:37:30.695"/>
</kw>
<kw name="Mouse Over" library="SeleniumLibrary">
<arg>${icon_Editer_P1}${nomCategorie}${link_categorieP2}</arg>
<doc>Simulates hovering the mouse over the element ``locator``.</doc>
<msg timestamp="20230928 10:37:30.704" level="INFO">Simulating Mouse Over on element '//span[text()='test33']'.</msg>
<status status="PASS" starttime="20230928 10:37:30.695" endtime="20230928 10:37:30.990"/>
</kw>
<kw name="Sleep" library="BuiltIn">
<arg>3</arg>
<doc>Pauses the test executed for the given time.</doc>
<msg timestamp="20230928 10:37:33.990" level="INFO">Slept 3 seconds</msg>
<status status="PASS" starttime="20230928 10:37:30.990" endtime="20230928 10:37:33.990"/>
</kw>
<kw name="Mouse Down" library="SeleniumLibrary">
<arg>${icon_Editer_P1}${nomCategorie}${icon_Editer_P2}</arg>
<doc>Simulates pressing the left mouse button on the element ``locator``.</doc>
<msg timestamp="20230928 10:37:33.990" level="INFO">Simulating Mouse Down on element '//span[text()='test33']/descendant::span[@class='insitu-edit-category']'.</msg>
<status status="PASS" starttime="20230928 10:37:33.990" endtime="20230928 10:37:34.294"/>
</kw>
<kw name="Click Element" library="SeleniumLibrary">
<arg>${icon_Editer_P1}${nomCategorie}${icon_Editer_P2}</arg>
<doc>Click the element identified by ``locator``.</doc>
<msg timestamp="20230928 10:37:34.294" level="INFO">Clicking element '//span[text()='test33']/descendant::span[@class='insitu-edit-category']'.</msg>
<status status="PASS" starttime="20230928 10:37:34.294" endtime="20230928 10:37:34.376"/>
</kw>
<kw name="Wait Until Element Is Visible" library="SeleniumLibrary">
<arg>${input_Editer}</arg>
<doc>Waits until the element ``locator`` is visible.</doc>
<status status="PASS" starttime="20230928 10:37:34.377" endtime="20230928 10:37:34.403"/>
</kw>
<kw name="Input Text" library="SeleniumLibrary">
<arg>${input_Editer}</arg>
<arg>${editerValue}</arg>
<doc>Types the given ``text`` into the text field identified by ``locator``.</doc>
<msg timestamp="20230928 10:37:34.403" level="INFO">Typing text 'test333' into text field '//form[@method='post']/input[@name='name']'.</msg>
<status status="PASS" starttime="20230928 10:37:34.403" endtime="20230928 10:37:34.521"/>
</kw>
<kw name="Mouse Down" library="SeleniumLibrary">
<arg>${btn_Editer_Enregistrer}</arg>
<doc>Simulates pressing the left mouse button on the element ``locator``.</doc>
<msg timestamp="20230928 10:37:34.521" level="INFO">Simulating Mouse Down on element '//a[text()='Enregistrer']'.</msg>
<status status="PASS" starttime="20230928 10:37:34.521" endtime="20230928 10:37:34.868"/>
</kw>
<kw name="Click Element" library="SeleniumLibrary">
<arg>${btn_Editer_Enregistrer}</arg>
<doc>Click the element identified by ``locator``.</doc>
<msg timestamp="20230928 10:37:34.870" level="INFO">Clicking element '//a[text()='Enregistrer']'.</msg>
<status status="PASS" starttime="20230928 10:37:34.869" endtime="20230928 10:37:34.928"/>
</kw>
<kw name="Verifier le nom de categorie">
<arg>${editerValue}</arg>
<kw name="Wait Until Element Is Visible" library="SeleniumLibrary">
<arg>${btn_SupprimerCategoriesP1}${nomCategorie}${link_categorieP2}</arg>
<arg>timeout=10</arg>
<doc>Waits until the element ``locator`` is visible.</doc>
<status status="PASS" starttime="20230928 10:37:34.932" endtime="20230928 10:37:35.178"/>
</kw>
<kw name="Element Should Be Visible" library="SeleniumLibrary">
<arg>${btn_SupprimerCategoriesP1}${nomCategorie}${link_categorieP2}</arg>
<doc>Verifies that the element identified by ``locator`` is visible.</doc>
<msg timestamp="20230928 10:37:35.203" level="INFO">Element '//span[text()='test333']' is displayed.</msg>
<status status="PASS" starttime="20230928 10:37:35.178" endtime="20230928 10:37:35.204"/>
</kw>
<status status="PASS" starttime="20230928 10:37:34.932" endtime="20230928 10:37:35.204"/>
</kw>
<status status="PASS" starttime="20230928 10:37:30.321" endtime="20230928 10:37:35.204"/>
</kw>
<status status="PASS" starttime="20230928 10:37:30.316" endtime="20230928 10:37:35.204"/>
</test>
<kw name="Logout" library="keywords" type="TEARDOWN">
<kw name="Wait Until Element Is Visible" library="SeleniumLibrary">
<arg>${link_HeaderUserMenu}</arg>
<doc>Waits until the element ``locator`` is visible.</doc>
<status status="PASS" starttime="20230928 10:37:35.208" endtime="20230928 10:37:35.240"/>
</kw>
<kw name="Click Element" library="SeleniumLibrary">
<arg>${link_HeaderUserMenu}</arg>
<doc>Click the element identified by ``locator``.</doc>
<msg timestamp="20230928 10:37:35.240" level="INFO">Clicking element 'id=HEADER_USER_MENU_POPUP'.</msg>
<status status="PASS" starttime="20230928 10:37:35.240" endtime="20230928 10:37:35.329"/>
</kw>
<kw name="Wait Until Element Is Visible" library="SeleniumLibrary">
<arg>${link_HeaderDeconnexion}</arg>
<doc>Waits until the element ``locator`` is visible.</doc>
<status status="PASS" starttime="20230928 10:37:35.329" endtime="20230928 10:37:35.379"/>
</kw>
<kw name="Click Element" library="SeleniumLibrary">
<arg>${link_HeaderDeconnexion}</arg>
<doc>Click the element identified by ``locator``.</doc>
<msg timestamp="20230928 10:37:35.379" level="INFO">Clicking element 'id=HEADER_USER_MENU_LOGOUT'.</msg>
<status status="PASS" starttime="20230928 10:37:35.379" endtime="20230928 10:37:35.463"/>
</kw>
<status status="PASS" starttime="20230928 10:37:35.208" endtime="20230928 10:37:35.463"/>
</kw>
<status status="PASS" starttime="20230928 10:37:06.065" endtime="20230928 10:37:35.463"/>
</suite>
<statistics>
<total>
<stat pass="3" fail="0" skip="0">All Tests</stat>
</total>
<tag>
</tag>
<suite>
<stat pass="3" fail="0" skip="0" id="s1" name="EditerCategorieNominal">EditerCategorieNominal</stat>
</suite>
</statistics>
<errors>
</errors>
</robot>
